log started: Thu Jan 25 11:21:17 2024

Log file: ./leap.log
>> #
>> # ----- leaprc for loading the ff14SB force field
>> # ----- NOTE: this is designed for PDB format 3!
>> #
>> #	load atom type hybridizations
>> #
>> addAtomTypes {
>> 	{ "H"   "H" "sp3" }
>> 	{ "HO"  "H" "sp3" }
>> 	{ "HS"  "H" "sp3" }
>> 	{ "H1"  "H" "sp3" }
>> 	{ "H2"  "H" "sp3" }
>> 	{ "H3"  "H" "sp3" }
>> 	{ "H4"  "H" "sp3" }
>> 	{ "H5"  "H" "sp3" }
>> 	{ "HW"  "H" "sp3" }
>> 	{ "HC"  "H" "sp3" }
>> 	{ "HA"  "H" "sp3" }
>> 	{ "HP"  "H" "sp3" }
>> 	{ "HZ"  "H" "sp3" }
>> 	{ "OH"  "O" "sp3" }
>> 	{ "OS"  "O" "sp3" }
>> 	{ "O"   "O" "sp2" }
>> 	{ "O2"  "O" "sp2" }
>> 	{ "OP"  "O" "sp2" }
>> 	{ "OW"  "O" "sp3" }
>> 	{ "CT"  "C" "sp3" }
>> 	{ "CX"  "C" "sp3" }
>> 	{ "C8"  "C" "sp3" }
>> 	{ "2C"  "C" "sp3" }
>> 	{ "3C"  "C" "sp3" }
>> 	{ "CH"  "C" "sp3" }
>> 	{ "CS"  "C" "sp2" }
>> 	{ "C"   "C" "sp2" }
>> 	{ "CO"   "C" "sp2" }
>> 	{ "C*"  "C" "sp2" }
>> 	{ "CA"  "C" "sp2" }
>> 	{ "CB"  "C" "sp2" }
>> 	{ "CC"  "C" "sp2" }
>> 	{ "CN"  "C" "sp2" }
>> 	{ "CM"  "C" "sp2" }
>> 	{ "CK"  "C" "sp2" }
>> 	{ "CQ"  "C" "sp2" }
>> 	{ "CD"  "C" "sp2" }
>> 	{ "C5"  "C" "sp2" }
>> 	{ "C4"  "C" "sp2" }
>> 	{ "CP"  "C" "sp2" }
>> 	{ "CI"  "C" "sp3" }
>> 	{ "CJ"  "C" "sp2" }
>> 	{ "CW"  "C" "sp2" }
>> 	{ "CV"  "C" "sp2" }
>> 	{ "CR"  "C" "sp2" }
>> 	{ "CA"  "C" "sp2" }
>> 	{ "CY"  "C" "sp2" }
>> 	{ "C0"  "Ca" "sp3" }
>> 	{ "MG"  "Mg" "sp3" }
>> 	{ "N"   "N" "sp2" }
>> 	{ "NA"  "N" "sp2" }
>> 	{ "N2"  "N" "sp2" }
>> 	{ "N*"  "N" "sp2" }
>> 	{ "NP"  "N" "sp2" }
>> 	{ "NQ"  "N" "sp2" }
>> 	{ "NB"  "N" "sp2" }
>> 	{ "NC"  "N" "sp2" }
>> 	{ "NT"  "N" "sp3" }
>> 	{ "NY"  "N" "sp2" }
>> 	{ "N3"  "N" "sp3" }
>> 	{ "S"   "S" "sp3" }
>> 	{ "SH"  "S" "sp3" }
>> 	{ "P"   "P" "sp3" }
>> 	{ "LP"  ""  "sp3" }
>> 	{ "EP"  ""  "sp3" }
>> 	{ "F"   "F" "sp3" }
>> 	{ "Cl"  "Cl" "sp3" }
>> 	{ "Br"  "Br" "sp3" }
>> 	{ "I"   "I"  "sp3" }
>> }
>> #
>> #	Load the main parameter set.
>> #
>> parm10 = loadamberparams parm10.dat
Loading parameters: /u/s/salunnor/miniconda3/dat/leap/parm/parm10.dat
Reading title:
PARM99 + frcmod.ff99SB + frcmod.parmbsc0 + OL3 for RNA
>> frcmod14SB = loadamberparams frcmod.ff14SB
Loading parameters: /u/s/salunnor/miniconda3/dat/leap/parm/frcmod.ff14SB
Reading force field modification type file (frcmod)
Reading title:
ff14SB protein backbone and sidechain parameters
>> #
>> #	Load main chain and terminating amino acid libraries
>> #
>> loadOff amino12.lib
Loading library: /u/s/salunnor/miniconda3/dat/leap/lib/amino12.lib
Loading: ALA
Loading: ARG
Loading: ASH
Loading: ASN
Loading: ASP
Loading: CYM
Loading: CYS
Loading: CYX
Loading: GLH
Loading: GLN
Loading: GLU
Loading: GLY
Loading: HID
Loading: HIE
Loading: HIP
Loading: HYP
Loading: ILE
Loading: LEU
Loading: LYN
Loading: LYS
Loading: MET
Loading: PHE
Loading: PRO
Loading: SER
Loading: THR
Loading: TRP
Loading: TYR
Loading: VAL
>> loadOff aminoct12.lib
Loading library: /u/s/salunnor/miniconda3/dat/leap/lib/aminoct12.lib
Loading: CALA
Loading: CARG
Loading: CASN
Loading: CASP
Loading: CCYS
Loading: CCYX
Loading: CGLN
Loading: CGLU
Loading: CGLY
Loading: CHID
Loading: CHIE
Loading: CHIP
Loading: CHYP
Loading: CILE
Loading: CLEU
Loading: CLYS
Loading: CMET
Loading: CPHE
Loading: CPRO
Loading: CSER
Loading: CTHR
Loading: CTRP
Loading: CTYR
Loading: CVAL
Loading: NHE
Loading: NME
>> loadOff aminont12.lib
Loading library: /u/s/salunnor/miniconda3/dat/leap/lib/aminont12.lib
Loading: ACE
Loading: NALA
Loading: NARG
Loading: NASN
Loading: NASP
Loading: NCYS
Loading: NCYX
Loading: NGLN
Loading: NGLU
Loading: NGLY
Loading: NHID
Loading: NHIE
Loading: NHIP
Loading: NILE
Loading: NLEU
Loading: NLYS
Loading: NMET
Loading: NPHE
Loading: NPRO
Loading: NSER
Loading: NTHR
Loading: NTRP
Loading: NTYR
Loading: NVAL
>> 
>> #
>> #	Define the PDB name map for the amino acids
>> #
>> addPdbResMap {
>>   { 0 "HYP" "HYP" } { 1 "HYP" "CHYP" }
>>   { 0 "ALA" "NALA" } { 1 "ALA" "CALA" }
>>   { 0 "ARG" "NARG" } { 1 "ARG" "CARG" }
>>   { 0 "ASN" "NASN" } { 1 "ASN" "CASN" }
>>   { 0 "ASP" "NASP" } { 1 "ASP" "CASP" }
>>   { 0 "CYS" "NCYS" } { 1 "CYS" "CCYS" }
>>   { 0 "CYX" "NCYX" } { 1 "CYX" "CCYX" }
>>   { 0 "GLN" "NGLN" } { 1 "GLN" "CGLN" }
>>   { 0 "GLU" "NGLU" } { 1 "GLU" "CGLU" }
>>   { 0 "GLY" "NGLY" } { 1 "GLY" "CGLY" }
>>   { 0 "HID" "NHID" } { 1 "HID" "CHID" }
>>   { 0 "HIE" "NHIE" } { 1 "HIE" "CHIE" }
>>   { 0 "HIP" "NHIP" } { 1 "HIP" "CHIP" }
>>   { 0 "ILE" "NILE" } { 1 "ILE" "CILE" }
>>   { 0 "LEU" "NLEU" } { 1 "LEU" "CLEU" }
>>   { 0 "LYS" "NLYS" } { 1 "LYS" "CLYS" }
>>   { 0 "MET" "NMET" } { 1 "MET" "CMET" }
>>   { 0 "PHE" "NPHE" } { 1 "PHE" "CPHE" }
>>   { 0 "PRO" "NPRO" } { 1 "PRO" "CPRO" }
>>   { 0 "SER" "NSER" } { 1 "SER" "CSER" }
>>   { 0 "THR" "NTHR" } { 1 "THR" "CTHR" }
>>   { 0 "TRP" "NTRP" } { 1 "TRP" "CTRP" }
>>   { 0 "TYR" "NTYR" } { 1 "TYR" "CTYR" }
>>   { 0 "VAL" "NVAL" } { 1 "VAL" "CVAL" }
>>   { 0 "HIS" "NHIS" } { 1 "HIS" "CHIS" }
>> }
>> 
>> #
>> # assume that most often proteins use HIE
>> #
>> NHIS = NHIE
>> HIS = HIE
>> CHIS = CHIE
> 
> source leaprc.water.tip3p
----- Source: /u/s/salunnor/miniconda3/dat/leap/cmd/leaprc.water.tip3p
----- Source of /u/s/salunnor/miniconda3/dat/leap/cmd/leaprc.water.tip3p done
>> #
>> #       Load water and ions for TIP3P + Li/Merz monovalent ions 
>> #       + Joung-Chetham monovalent ions
>> #       + Li/Merz highly charged ions (+2 to +4, 12-6 normal usage set)
>> #
>> #       Note: the Li/Merz monovalent set is loaded only to get Tl+,
>> #          Cu+, Ag+ NH4+, H3O+.  Since we load Joung-Cheatham second,
>> #          the alkali halide parameters come from the Joung-Cheatham set
>> #
>> addAtomTypes {
>> 	{ "HW"  "H" "sp3" }
>> 	{ "OW"  "O" "sp3" }
>> 	{ "F-"   "F" "sp3" }
>> 	{ "Cl-"  "Cl" "sp3" }
>> 	{ "Br-"  "Br" "sp3" }
>> 	{ "I-"   "I"  "sp3" }
>> 	{ "Li+"  "Li"  "sp3" }
>> 	{ "Na+"  "Na"  "sp3" }
>> 	{ "K+"  "K"  "sp3" }
>> 	{ "Rb+"  "Rb"  "sp3" }
>> 	{ "Cs+"  "Cs"  "sp3" }
>> 	{ "Mg+"  "Mg"  "sp3" }
>>     { "Tl+"  "Tl"  "sp3" }
>>     { "Cu+"  "Cu"  "sp3" }
>>     { "Ag+"  "Ag"  "sp3" }
>>     { "NH4+"  "N"  "sp3" }
>>     { "H3O+"  "O"  "sp3" }
>>     { "Be2+" "Be"  "sp3" }
>>     { "Cu2+" "Cu"  "sp3" }
>>     { "Ni2+" "Ni"  "sp3" }
>>     { "Pt2+" "Pt"  "sp3" }
>>     { "Zn2+" "Zn"  "sp3" }
>>     { "Co2+" "Co"  "sp3" }
>>     { "Pd2+" "Pd"  "sp3" }
>>     { "Ag2+" "Ag"  "sp3" }
>>     { "Cr2+" "Cr"  "sp3" }
>>     { "Fe2+" "Fe"  "sp3" }
>>     { "Mg2+" "Mg"  "sp3" }
>>     { "V2+"  "V"   "sp3" }
>>     { "Mn2+" "Mn"  "sp3" }
>>     { "Hg2+" "Hg"  "sp3" }
>>     { "Cd2+" "Cd"  "sp3" }
>>     { "Yb2+" "Yb"  "sp3" }
>>     { "Ca2+" "Ca"  "sp3" }
>>     { "Sn2+" "Sn"  "sp3" }
>>     { "Pb2+" "Pb"  "sp3" }
>>     { "Eu2+" "Eu"  "sp3" }
>>     { "Sr2+" "Sr"  "sp3" }
>>     { "Sm2+" "Sm"  "sp3" }
>>     { "Ba2+" "Ba"  "sp3" }
>>     { "Ra2+" "Ra"  "sp3" }
>>     { "Al3+" "Al"  "sp3" }
>>     { "Fe3+" "Fe"  "sp3" }
>>     { "Cr3+" "Cr"  "sp3" }
>>     { "In3+" "In"  "sp3" }
>>     { "Tl3+" "Tl"  "sp3" }
>>     { "Y3+"  "Y"   "sp3" }
>>     { "La3+" "La"  "sp3" }
>>     { "Ce3+" "Ce"  "sp3" }
>>     { "Pr3+" "Pr"  "sp3" }
>>     { "Nd3+" "Nd"  "sp3" }
>>     { "Sm3+" "Sm"  "sp3" }
>>     { "Eu3+" "Eu"  "sp3" }
>>     { "Gd3+" "Gd"  "sp3" }
>>     { "Tb3+" "Tb"  "sp3" }
>>     { "Dy3+" "Dy"  "sp3" }
>>     { "Er3+" "Er"  "sp3" }
>>     { "Tm3+" "Tm"  "sp3" }
>>     { "Lu3+" "Lu"  "sp3" }
>>     { "Hf4+" "Hf"  "sp3" }
>>     { "Zr4+" "Zr"  "sp3" }
>>     { "Ce4+" "Ce"  "sp3" }
>>     { "U4+"  "U"   "sp3" }
>>     { "Pu4+" "Pu"  "sp3" }
>>     { "Th4+" "Th"  "sp3" }
>> }
>> loadOff atomic_ions.lib
Loading library: /u/s/salunnor/miniconda3/dat/leap/lib/atomic_ions.lib
Loading: AG
Loading: AL
Loading: Ag
Loading: BA
Loading: BR
Loading: Be
Loading: CA
Loading: CD
Loading: CE
Loading: CL
Loading: CO
Loading: CR
Loading: CS
Loading: CU
Loading: CU1
Loading: Ce
Loading: Cl-
Loading: Cr
Loading: Dy
Loading: EU
Loading: EU3
Loading: Er
Loading: F
Loading: FE
Loading: FE2
Loading: GD3
Loading: H3O+
Loading: HE+
Loading: HG
Loading: HZ+
Loading: Hf
Loading: IN
Loading: IOD
Loading: K
Loading: K+
Loading: LA
Loading: LI
Loading: LU
Loading: MG
Loading: MN
Loading: NA
Loading: NH4
Loading: NI
Loading: Na+
Loading: Nd
Loading: PB
Loading: PD
Loading: PR
Loading: PT
Loading: Pu
Loading: RB
Loading: Ra
Loading: SM
Loading: SR
Loading: Sm
Loading: Sn
Loading: TB
Loading: TL
Loading: Th
Loading: Tl
Loading: Tm
Loading: U4+
Loading: V2+
Loading: Y
Loading: YB2
Loading: ZN
Loading: Zr
>> loadOff solvents.lib
Loading library: /u/s/salunnor/miniconda3/dat/leap/lib/solvents.lib
Loading: CHCL3BOX
Loading: DC4
Loading: FB3
Loading: FB3BOX
Loading: FB4
Loading: FB4BOX
Loading: MEOHBOX
Loading: NMABOX
Loading: O3P
Loading: OP3
Loading: OPC
Loading: OPC3BOX
Loading: OPC3POLBOX
Loading: OPCBOX
Loading: PL3
Loading: POL3BOX
Loading: QSPCFWBOX
Loading: SPC
Loading: SPCBOX
Loading: SPCFWBOX
Loading: SPF
Loading: SPG
Loading: T4E
Loading: TIP3PBOX
Loading: TIP3PFBOX
Loading: TIP4PBOX
Loading: TIP4PEWBOX
Loading: TIP5PBOX
Loading: TP3
Loading: TP4
Loading: TP5
Loading: TPF
>> HOH = TP3
>> WAT = TP3
>> loadAmberParams frcmod.tip3p
Loading parameters: /u/s/salunnor/miniconda3/dat/leap/parm/frcmod.tip3p
Reading force field modification type file (frcmod)
Reading title:
This is the additional/replacement parameter set for TIP3P water
>> loadAmberParams frcmod.ions1lm_126_tip3p
Loading parameters: /u/s/salunnor/miniconda3/dat/leap/parm/frcmod.ions1lm_126_tip3p
Reading force field modification type file (frcmod)
Reading title:
Li/Merz ion parameters of monovalent ions for TIP3P water model (12-6 normal usage set)
>> loadAmberParams frcmod.ionsjc_tip3p
Loading parameters: /u/s/salunnor/miniconda3/dat/leap/parm/frcmod.ionsjc_tip3p
Reading force field modification type file (frcmod)
Reading title:
Monovalent ion parameters for Ewald and TIP3P water from Joung & Cheatham JPCB (2008)
>> loadAmberParams frcmod.ions234lm_126_tip3p
Loading parameters: /u/s/salunnor/miniconda3/dat/leap/parm/frcmod.ions234lm_126_tip3p
Reading force field modification type file (frcmod)
Reading title:
Li/Merz ion parameters of divalent to tetravalent ions for TIP3P water model (12-6 normal usage set)
>> 
> 
> loadamberparams frcmod.ionsjc_tip3p
Loading parameters: /u/s/salunnor/miniconda3/dat/leap/parm/frcmod.ionsjc_tip3p
Reading force field modification type file (frcmod)
Reading title:
Monovalent ion parameters for Ewald and TIP3P water from Joung & Cheatham JPCB (2008)
> 
> ###load frcmod of NSR
> loadamberparams /net/sbp/tetinas/salunnor/tcdA/parm/original_parm/gdp.frcmod
Loading parameters: /net/sbp/tetinas/salunnor/tcdA/parm/original_parm/gdp.frcmod
Reading force field modification type file (frcmod)
Reading title:
#  Modifications to the AMBER94 force field for polyphosphates
(UNKNOWN ATOM TYPE: O3)
> 
> ###load prepi files 
> loadamberprep /net/sbp/tetinas/salunnor/tcdA/parm/original_parm/gdp.prep
Loading Prep file: /net/sbp/tetinas/salunnor/tcdA/parm/original_parm/gdp.prep
(UNKNOWN ATOM TYPE: O3)
(UNKNOWN ATOM TYPE: O3)
(UNKNOWN ATOM TYPE: O3)
Loaded UNIT: GDP
> 
> mol = loadpdb pre_RhoA.pdb
Loading PDB file: ./pre_RhoA.pdb
Matching PDB residue names to LEaP variables.
Mapped residue MET, term: Terminal/beginning, seq. number: 0 to: NMET.
Mapped residue ALA, term: Terminal/last, seq. number: 180 to: CALA.
  Added missing heavy atom: .R<THR 37>.A<CG2 7>
  Added missing heavy atom: .R<THR 37>.A<OG1 11>
  total atoms in file: 2923
  Leap added 10 missing atoms according to residue templates:
       2 Heavy
       8 H / lone pairs
> 
> #set default PBradii mbondi2
> alignaxes mol
> #center mol
> charge mol
Total unperturbed charge:  -8.000000
Total perturbed charge:    -8.000000
> addions mol Na+ 8
Adding 8 counter ions to "mol" using 1A grid
Total solute charge:  -8.00  Max atom radius:   2.10
Grid extends from solute vdw + 2.85  to  8.95
Box:
   enclosing:  -25.83 -43.12 -30.29   33.39 40.04 30.80
   sized:			      102.17 84.88 97.71
   edge:        128.00
Resolution:      1.00 Angstrom.
Tree depth: 7
Volume =  2.58% of box, grid points 54163
Solvent present: replacing closest with ion
	 when steric overlaps occur
Calculating grid charges
(No solvent overlap)
Placed Na+ in mol at (8.17, 12.88, -13.29).
(No solvent overlap)
Placed Na+ in mol at (4.17, 17.88, 2.71).
(No solvent overlap)
Placed Na+ in mol at (4.17, 18.88, -11.29).
(No solvent overlap)
Placed Na+ in mol at (-2.83, -16.12, -9.29).
(No solvent overlap)
Placed Na+ in mol at (15.17, 5.88, -14.29).
(No solvent overlap)
Placed Na+ in mol at (2.17, -18.12, 13.71).
(No solvent overlap)
Placed Na+ in mol at (-15.83, 0.88, 9.71).
(No solvent overlap)
Placed Na+ in mol at (-4.83, 17.88, -9.29).

Done adding ions.
> solvatebox mol TIP3PBOX 12 iso
  Solute vdw bounding box:              54.678 74.050 65.982
  Total bounding box for atom centers:  98.050 98.050 98.050
      (box expansion for 'iso' is  35.8%)
  Solvent unit box:                     18.774 18.774 18.774
The number of boxes:  x= 6  y= 6  z= 6
  Volume: 1025151.320 A^3 
  Total mass 534953.325 amu,  Density 0.867 g/cc
  Added 28512 residues.
> addIonsRand mol Na+ 71
Adding 71 counter ions to "mol". 28452 solvent molecules will remain.
0: Placed Na+ in mol at (38.31, 26.77, 10.25).
0: Placed Na+ in mol at (-47.75, 27.48, -26.21).
0: Placed Na+ in mol at (23.16, -27.11, -8.19).
0: Placed Na+ in mol at (-46.76, 22.91, -37.97).
0: Placed Na+ in mol at (-35.49, 0.74, 13.13).
0: Placed Na+ in mol at (12.95, 0.15, 12.62).
0: Placed Na+ in mol at (14.63, 21.88, -30.67).
0: Placed Na+ in mol at (-12.46, 36.13, 5.68).
0: Placed Na+ in mol at (-17.84, -28.96, -36.12).
0: Placed Na+ in mol at (-6.48, -15.35, 29.37).
0: Placed Na+ in mol at (39.80, 9.40, -25.41).
0: Placed Na+ in mol at (-43.24, -37.40, -48.01).
0: Placed Na+ in mol at (16.48, -4.11, -44.41).
0: Placed Na+ in mol at (44.29, -21.11, 10.15).
0: Placed Na+ in mol at (-36.17, -39.82, -26.31).
0: Placed Na+ in mol at (-21.82, 19.61, -39.88).
0: Placed Na+ in mol at (5.41, 6.74, 25.24).
0: Placed Na+ in mol at (24.40, 46.60, -38.63).
0: Placed Na+ in mol at (43.57, -5.97, 16.67).
0: Placed Na+ in mol at (40.53, 22.82, -3.49).
0: Placed Na+ in mol at (7.85, 26.41, 17.13).
0: Placed Na+ in mol at (-16.77, 3.41, 30.81).
0: Placed Na+ in mol at (-41.83, -48.17, 36.63).
0: Placed Na+ in mol at (12.01, -30.34, -38.76).
0: Placed Na+ in mol at (-44.84, 11.70, 43.05).
0: Placed Na+ in mol at (19.06, -35.58, -28.23).
0: Placed Na+ in mol at (27.24, 0.79, 8.33).
0: Placed Na+ in mol at (-19.70, 24.42, -1.90).
0: Placed Na+ in mol at (-9.50, 33.11, -0.91).
0: Placed Na+ in mol at (31.86, 18.92, -10.47).
0: Placed Na+ in mol at (45.43, 42.59, 16.46).
0: Placed Na+ in mol at (-41.46, 23.82, -46.68).
0: Placed Na+ in mol at (-3.05, 19.61, 35.21).
0: Placed Na+ in mol at (16.64, -36.64, 38.44).
0: Placed Na+ in mol at (34.12, 31.53, 17.32).
0: Placed Na+ in mol at (-7.66, 46.04, -3.57).
0: Placed Na+ in mol at (-29.66, 5.04, -39.86).
0: Placed Na+ in mol at (9.49, -0.47, 33.97).
0: Placed Na+ in mol at (-39.15, -45.84, 15.03).
0: Placed Na+ in mol at (13.33, 19.10, -37.63).
0: Placed Na+ in mol at (-5.36, 30.18, -25.60).
0: Placed Na+ in mol at (-41.93, 14.53, -47.84).
0: Placed Na+ in mol at (46.01, -17.99, 8.33).
0: Placed Na+ in mol at (-16.73, -36.18, 41.63).
0: Placed Na+ in mol at (-0.18, 35.17, -0.03).
0: Placed Na+ in mol at (-19.70, 24.42, -39.45).
0: Placed Na+ in mol at (4.94, -44.70, -29.66).
0: Placed Na+ in mol at (-17.92, -6.39, -34.67).
0: Placed Na+ in mol at (23.16, -45.89, 48.13).
0: Placed Na+ in mol at (-14.36, 39.45, -34.93).
0: Placed Na+ in mol at (8.58, -47.61, -7.44).
0: Placed Na+ in mol at (-24.09, -9.73, -42.54).
0: Placed Na+ in mol at (-45.48, 5.61, 47.49).
0: Placed Na+ in mol at (45.43, 23.81, 16.46).
0: Placed Na+ in mol at (-21.79, -1.30, -30.40).
0: Placed Na+ in mol at (-41.44, -8.36, -13.20).
0: Placed Na+ in mol at (-2.57, 38.32, 32.52).
0: Placed Na+ in mol at (36.77, 32.37, -2.87).
0: Placed Na+ in mol at (-16.35, 30.64, 34.63).
0: Placed Na+ in mol at (-1.82, -2.92, 28.19).
0: Placed Na+ in mol at (25.59, -11.83, 28.51).
0: Placed Na+ in mol at (-45.70, -20.73, -29.44).
0: Placed Na+ in mol at (-40.09, 38.10, -33.97).
0: Placed Na+ in mol at (45.21, -16.61, 29.37).
0: Placed Na+ in mol at (-45.48, -31.94, -27.61).
0: Placed Na+ in mol at (-24.01, -3.69, 2.46).
0: Placed Na+ in mol at (6.46, 46.93, 7.85).
0: Placed Na+ in mol at (29.74, 32.62, 15.68).
0: Placed Na+ in mol at (-14.39, 47.99, 10.59).
0: Placed Na+ in mol at (-39.27, 7.86, -3.63).
0: Placed Na+ in mol at (-5.44, 20.02, 40.30).
> addIonsRand mol Cl- 71
Adding 71 counter ions to "mol". 28381 solvent molecules will remain.
0: Placed Cl- in mol at (-43.62, -6.56, 27.30).
0: Placed Cl- in mol at (44.91, -22.08, -5.88).
0: Placed Cl- in mol at (21.69, 10.41, 22.33).
0: Placed Cl- in mol at (29.89, -35.20, 41.74).
0: Placed Cl- in mol at (-40.56, 36.25, -11.63).
0: Placed Cl- in mol at (-34.04, 35.63, -4.36).
0: Placed Cl- in mol at (-31.93, -35.93, -47.59).
0: Placed Cl- in mol at (-9.29, -38.02, 33.97).
0: Placed Cl- in mol at (-20.89, 40.99, 33.07).
0: Placed Cl- in mol at (-41.93, -23.02, 46.04).
0: Placed Cl- in mol at (-13.84, -25.92, -29.66).
0: Placed Cl- in mol at (17.93, 23.26, -46.29).
0: Placed Cl- in mol at (-5.33, -42.03, -22.85).
0: Placed Cl- in mol at (-12.32, -46.94, -10.92).
0: Placed Cl- in mol at (23.62, -27.87, -22.31).
0: Placed Cl- in mol at (-27.74, 31.57, 28.49).
0: Placed Cl- in mol at (4.42, 17.95, -9.68).
0: Placed Cl- in mol at (38.44, 15.63, -29.05).
0: Placed Cl- in mol at (10.84, 43.16, -46.38).
0: Placed Cl- in mol at (-21.85, -6.05, -42.70).
0: Placed Cl- in mol at (-28.10, 44.77, -24.09).
0: Placed Cl- in mol at (4.78, 3.30, 30.78).
0: Placed Cl- in mol at (-13.85, 10.37, 20.08).
0: Placed Cl- in mol at (-42.99, 20.02, 40.30).
0: Placed Cl- in mol at (-25.69, 36.07, -23.07).
0: Placed Cl- in mol at (-34.75, -32.15, -33.18).
0: Placed Cl- in mol at (30.07, 30.18, 38.93).
0: Placed Cl- in mol at (27.11, 5.65, 2.58).
0: Placed Cl- in mol at (22.90, 4.53, 27.33).
0: Placed Cl- in mol at (6.37, 26.52, -5.12).
0: Placed Cl- in mol at (-18.92, -20.06, 32.47).
0: Placed Cl- in mol at (-2.67, -10.74, 39.50).
0: Placed Cl- in mol at (21.69, -8.37, -15.22).
0: Placed Cl- in mol at (32.63, -16.42, 32.78).
0: Placed Cl- in mol at (30.26, 11.70, -32.05).
0: Placed Cl- in mol at (45.37, -31.74, -32.09).
0: Placed Cl- in mol at (-44.47, 2.53, -30.65).
0: Placed Cl- in mol at (23.16, 10.44, -45.74).
0: Placed Cl- in mol at (-29.35, -45.29, 16.76).
0: Placed Cl- in mol at (-15.86, 29.18, 22.33).
0: Placed Cl- in mol at (-0.93, 24.42, 35.65).
0: Placed Cl- in mol at (27.35, -28.84, -44.98).
0: Placed Cl- in mol at (-22.67, -8.36, 43.12).
0: Placed Cl- in mol at (-42.87, -47.27, -4.99).
0: Placed Cl- in mol at (13.33, -18.45, 18.69).
0: Placed Cl- in mol at (-25.06, 4.57, -5.54).
0: Placed Cl- in mol at (-17.49, 16.07, 35.24).
0: Placed Cl- in mol at (-26.71, 42.67, -16.71).
0: Placed Cl- in mol at (-38.56, -45.54, 19.30).
0: Placed Cl- in mol at (-41.46, -32.51, 47.20).
0: Placed Cl- in mol at (22.90, 4.53, -47.77).
0: Placed Cl- in mol at (29.63, 46.40, 5.07).
0: Placed Cl- in mol at (7.82, 24.58, -13.32).
0: Placed Cl- in mol at (0.47, 24.69, -18.25).
0: Placed Cl- in mol at (25.51, -21.11, -27.40).
0: Placed Cl- in mol at (47.11, 41.68, 37.13).
0: Placed Cl- in mol at (40.53, 4.05, 15.28).
0: Placed Cl- in mol at (34.89, -38.85, -19.38).
0: Placed Cl- in mol at (-20.50, 26.64, 15.15).
0: Placed Cl- in mol at (-45.63, 38.61, -44.76).
0: Placed Cl- in mol at (-34.93, 43.45, 48.20).
0: Placed Cl- in mol at (23.43, 22.31, 0.21).
0: Placed Cl- in mol at (18.59, -2.37, 18.75).
0: Placed Cl- in mol at (-39.15, 10.49, 15.03).
0: Placed Cl- in mol at (18.82, 40.99, -15.62).
0: Placed Cl- in mol at (-18.49, 20.75, 9.32).
0: Placed Cl- in mol at (-24.46, -18.63, 8.31).
0: Placed Cl- in mol at (-28.97, -15.29, 7.07).
0: Placed Cl- in mol at (-20.44, 38.95, -29.93).
0: Placed Cl- in mol at (-29.21, 24.42, 21.36).
0: Placed Cl- in mol at (6.82, -11.83, -9.04).
> savepdb mol RhoA_wt_wat.pdb
Writing pdb file: RhoA_wt_wat.pdb
   printing CRYST1 record to PDB file with box info

/u/s/salunnor/miniconda3/bin/teLeap: Warning!
 Converting N-terminal residue name to PDB format: NMET -> MET

/u/s/salunnor/miniconda3/bin/teLeap: Warning!
 Converting C-terminal residue name to PDB format: CALA -> ALA
> 
> saveamberparm mol RhoA_wt_wat.parm7 RhoA_wt_wat.rst7
Checking Unit.
Building topology.
Building atom parameters.
Building bond parameters.
Building angle parameters.
Building proper torsion parameters.
Building improper torsion parameters.
old PREP-specified impropers:
 <GDP 182>:  C8   C4   N9   C1' 
 <GDP 182>:  C5   N1   C6   O6  
 <GDP 182>:  C6   C2   N1   H1N 
 <GDP 182>:  C2   H21  N2   H22 
 <GDP 182>:  N7   N9   C8   H80 
 <GDP 182>:  N1   N3   C2   N2  
 total 560 improper torsions applied
 6 improper torsions in old prep form
Building H-Bond parameters.
Incorporating Non-Bonded adjustments.
Not Marking per-residue atom chain types.
Marking per-residue atom chain types.
  (Residues lacking connect0/connect1 - 
   these don't have chain types marked:

	res	total affected

	CALA	1
	NMET	1
	WAT	28381
  )
 (no restraints)
> 
> quit
	Quit

Exiting LEaP: Errors = 0; Warnings = 2; Notes = 0.
